-------------------------------------------------------------------------------
Test set: com.studbuds.payload.DeleteAccountRequestTest
-------------------------------------------------------------------------------
Tests run: 2, Failures: 1, Errors: 0, Skipped: 0, Time elapsed: 0.028 s <<< FAILURE! - in com.studbuds.payload.DeleteAccountRequestTest
com.studbuds.payload.DeleteAccountRequestTest.testInvalidEmail  Time elapsed: 0.014 s  <<< FAILURE!
org.opentest4j.AssertionFailedError: Expected java.lang.IllegalArgumentException to be thrown, but nothing was thrown.
	at com.studbuds.payload.DeleteAccountRequestTest.testInvalidEmail(DeleteAccountRequestTest.java:20)

